Using pre-set license
Built from '2020.3/staging' branch; Version is '2020.3.26f1 (7298b473bc1a) revision 7510196'; Using compiler version '192528614'; Build Type 'Release'
OS: 'Windows 10  (10.0.19044) 64bit Core' Language: 'en' Physical Memory: 16296 MB
BatchMode: 1, IsHumanControllingUs: 0, StartBugReporterOnCrash: 0, Is64bit: 1, IsPro: 0

COMMAND LINE ARGUMENTS:
D:\Program Files\Unity\2020.3.26f1\Editor\Unity.exe
-adb2
-batchMode
-noUpm
-name
AssetImportWorker0
-projectPath
D:/Projects/GitProjects/TopViewShooterGame/Shooter
-logFile
Logs/AssetImportWorker0.log
-srvPort
55073
Successfully changed project path to: D:/Projects/GitProjects/TopViewShooterGame/Shooter
D:/Projects/GitProjects/TopViewShooterGame/Shooter
Using Asset Import Pipeline V2.
Refreshing native plugins compatible for Editor in 106.01 ms, found 2 plugins.
Preloading 0 native plugins for Editor in 0.00 ms.
Initialize engine version: 2020.3.26f1 (7298b473bc1a)
[Subsystems] Discovering subsystems at path D:/Program Files/Unity/2020.3.26f1/Editor/Data/Resources/UnitySubsystems
[Subsystems] Discovering subsystems at path D:/Projects/GitProjects/TopViewShooterGame/Shooter/Assets
GfxDevice: creating device client; threaded=0
Direct3D:
    Version:  Direct3D 11.0 [level 11.0]
    Renderer: NVIDIA GeForce GTX 960M (ID=0x139b)
    Vendor:   
    VRAM:     4055 MB
    Driver:   30.0.15.1215
Initialize mono
Mono path[0] = 'D:/Program Files/Unity/2020.3.26f1/Editor/Data/Managed'
Mono path[1] = 'D:/Program Files/Unity/2020.3.26f1/Editor/Data/MonoBleedingEdge/lib/mono/unityjit'
Mono config path = 'D:/Program Files/Unity/2020.3.26f1/Editor/Data/MonoBleedingEdge/etc'
Using monoOptions --debugger-agent=transport=dt_socket,embedding=1,server=y,suspend=n,address=127.0.0.1:56792
Begin MonoManager ReloadAssembly
Registering precompiled unity dll's ...
Register platform support module: D:/Program Files/Unity/2020.3.26f1/Editor/Data/PlaybackEngines/WebGLSupport/UnityEditor.WebGL.Extensions.dll
Register platform support module: D:/Program Files/Unity/2020.3.26f1/Editor/Data/PlaybackEngines/WindowsStandaloneSupport/UnityEditor.WindowsStandalone.Extensions.dll
Registered in 0.002109 seconds.
Native extension for WindowsStandalone target not found
Native extension for WebGL target not found
Refreshing native plugins compatible for Editor in 102.83 ms, found 2 plugins.
Preloading 0 native plugins for Editor in 0.00 ms.
Mono: successfully reloaded assembly
- Completed reload, in  1.008 seconds
Domain Reload Profiling:
	ReloadAssembly (1009ms)
		BeginReloadAssembly (88ms)
			ExecutionOrderSort (0ms)
			DisableScriptedObjects (0ms)
			BackupInstance (0ms)
			ReleaseScriptingObjects (0ms)
			CreateAndSetChildDomain (1ms)
		EndReloadAssembly (792ms)
			LoadAssemblies (87ms)
			RebuildTransferFunctionScriptingTraits (0ms)
			SetupTypeCache (271ms)
			ReleaseScriptCaches (0ms)
			RebuildScriptCaches (47ms)
			SetupLoadedEditorAssemblies (310ms)
				LogAssemblyErrors (0ms)
				InitializePlatformSupportModulesInManaged (7ms)
				SetLoadedEditorAssemblies (0ms)
				RefreshPlugins (103ms)
				BeforeProcessingInitializeOnLoad (28ms)
				ProcessInitializeOnLoadAttributes (122ms)
				ProcessInitializeOnLoadMethodAttributes (48ms)
				AfterProcessingInitializeOnLoad (0ms)
				EditorAssembliesLoaded (0ms)
			ExecutionOrderSort2 (0ms)
			AwakeInstancesAfterBackupRestoration (0ms)
Platform modules already initialized, skipping
Registering precompiled user dll's ...
Registered in 0.005182 seconds.
Begin MonoManager ReloadAssembly
OnLevelWasLoaded was found on SongManager
This message has been deprecated and will be removed in a later version of Unity.
Add a delegate to SceneManager.sceneLoaded instead to get notifications after scene loading has completed
Native extension for WindowsStandalone target not found
Native extension for WebGL target not found
Refreshing native plugins compatible for Editor in 99.25 ms, found 2 plugins.
Preloading 0 native plugins for Editor in 0.00 ms.
Mono: successfully reloaded assembly
- Completed reload, in  1.836 seconds
Domain Reload Profiling:
	ReloadAssembly (1837ms)
		BeginReloadAssembly (238ms)
			ExecutionOrderSort (0ms)
			DisableScriptedObjects (7ms)
			BackupInstance (0ms)
			ReleaseScriptingObjects (0ms)
			CreateAndSetChildDomain (34ms)
		EndReloadAssembly (1511ms)
			LoadAssemblies (143ms)
			RebuildTransferFunctionScriptingTraits (0ms)
			SetupTypeCache (542ms)
			ReleaseScriptCaches (1ms)
			RebuildScriptCaches (79ms)
			SetupLoadedEditorAssemblies (565ms)
				LogAssemblyErrors (0ms)
				InitializePlatformSupportModulesInManaged (6ms)
				SetLoadedEditorAssemblies (0ms)
				RefreshPlugins (99ms)
				BeforeProcessingInitializeOnLoad (140ms)
				ProcessInitializeOnLoadAttributes (303ms)
				ProcessInitializeOnLoadMethodAttributes (13ms)
				AfterProcessingInitializeOnLoad (4ms)
				EditorAssembliesLoaded (0ms)
			ExecutionOrderSort2 (0ms)
			AwakeInstancesAfterBackupRestoration (9ms)
Platform modules already initialized, skipping
========================================================================
Worker process is ready to serve import requests
Launched and connected shader compiler UnityShaderCompiler.exe after 0.05 seconds
Refreshing native plugins compatible for Editor in 0.78 ms, found 2 plugins.
Preloading 0 native plugins for Editor in 0.00 ms.
Unloading 3355 Unused Serialized files (Serialized files now loaded: 0)
System memory in use before: 225.0 MB.
System memory in use after: 225.2 MB.

Unloading 20 unused Assets to reduce memory usage. Loaded Objects now: 3794.
Total: 5.154100 ms (FindLiveObjects: 0.398000 ms CreateObjectMapping: 0.194800 ms MarkObjects: 4.451200 ms  DeleteObjects: 0.108500 ms)

AssetImportParameters requested are different than current active one (requested -> active):
  custom:framework-win-MediaFoundation: 216162199b28c13a410421893ffa2e32 -> 
  custom:video-decoder-ogg-theora: a1e56fd34408186e4bbccfd4996cb3dc -> 
  custom:container-muxer-webm: aa71ff27fc2769a1b78a27578f13a17b -> 
  custom:container-demuxer-webm: 4f35f7cbe854078d1ac9338744f61a02 -> 
  custom:container-demuxer-ogg: 62fdf1f143b41e24485cea50d1cbac27 -> 
  custom:video-encoder-webm-vp8: eb34c28f22e8b96e1ab97ce403110664 -> 
  custom:video-decoder-webm-vp8: 9c59270c3fd7afecdb556c50c9e8de78 -> 
  custom:audio-decoder-ogg-vorbis: bf7c407c2cedff20999df2af8eb42d56 -> 
  custom:audio-encoder-webm-vorbis: bf7c407c2cedff20999df2af8eb42d56 -> 
========================================================================
Received Import Request.
  path: Assets/RoomShooterLogo.psd
  artifactKey: Guid(6d334736cbebe54419db9c52352fcb9c) Importer(815301076,1909f56bfc062723c751e8b465ee728b)
Start importing Assets/RoomShooterLogo.psd using Guid(6d334736cbebe54419db9c52352fcb9c) Importer(815301076,1909f56bfc062723c751e8b465ee728b)  -> (artifact id: '9eb6f20a0e310e44b4f2910db3c2db19') in 0.107734 seconds 
  Import took 0.114928 seconds .

========================================================================
Received Import Request.
  Time since last request: 0.000291 seconds.
  path: Assets/nonTransRoomShooterLogo.psd
  artifactKey: Guid(a643a818ff660d04d9f9dfd898504326) Importer(815301076,1909f56bfc062723c751e8b465ee728b)
Start importing Assets/nonTransRoomShooterLogo.psd using Guid(a643a818ff660d04d9f9dfd898504326) Importer(815301076,1909f56bfc062723c751e8b465ee728b)  -> (artifact id: '09770936f8e779615168a8a4ced929cf') in 0.016476 seconds 
  Import took 0.024867 seconds .

========================================================================
Received Import Request.
  Time since last request: 8.394218 seconds.
  path: Assets/RoomShooterLogo.psd
  artifactKey: Guid(6d334736cbebe54419db9c52352fcb9c) Importer(815301076,1909f56bfc062723c751e8b465ee728b)
Start importing Assets/RoomShooterLogo.psd using Guid(6d334736cbebe54419db9c52352fcb9c) Importer(815301076,1909f56bfc062723c751e8b465ee728b)  -> (artifact id: '1eee3a045b0241178e4c9f0ba57bc6e1') in 0.081046 seconds 
  Import took 0.089485 seconds .

========================================================================
Received Import Request.
  Time since last request: 6.782968 seconds.
  path: Assets/nonTransRoomShooterLogo.psd
  artifactKey: Guid(a643a818ff660d04d9f9dfd898504326) Importer(815301076,1909f56bfc062723c751e8b465ee728b)
Start importing Assets/nonTransRoomShooterLogo.psd using Guid(a643a818ff660d04d9f9dfd898504326) Importer(815301076,1909f56bfc062723c751e8b465ee728b)  -> (artifact id: 'a100c3768e864912603192f3a6439ce9') in 0.028211 seconds 
  Import took 0.038330 seconds .

========================================================================
Received Import Request.
  Time since last request: 139.497629 seconds.
  path: Assets/Prefabs
  artifactKey: Guid(99a5ab03e08a4aa478dffb988c36e3df) Importer(815301076,1909f56bfc062723c751e8b465ee728b)
Start importing Assets/Prefabs using Guid(99a5ab03e08a4aa478dffb988c36e3df) Importer(815301076,1909f56bfc062723c751e8b465ee728b)  -> (artifact id: '288cf46982821450ce21fb037129f6b8') in 0.009664 seconds 
  Import took 0.019542 seconds .

========================================================================
Received Import Request.
  Time since last request: 1.163833 seconds.
  path: Assets/Scenes
  artifactKey: Guid(69f1f7f1a62a6a64299db5ceed36ebae) Importer(815301076,1909f56bfc062723c751e8b465ee728b)
Start importing Assets/Scenes using Guid(69f1f7f1a62a6a64299db5ceed36ebae) Importer(815301076,1909f56bfc062723c751e8b465ee728b)  -> (artifact id: '842f5fd4f932cdd9aec34f56eb58c55a') in 0.007900 seconds 
  Import took 0.015539 seconds .

========================================================================
Received Prepare
Registering precompiled user dll's ...
Registered in 0.008245 seconds.
OnLevelWasLoaded was found on SongManager
This message has been deprecated and will be removed in a later version of Unity.
Add a delegate to SceneManager.sceneLoaded instead to get notifications after scene loading has completed
Begin MonoManager ReloadAssembly
OnLevelWasLoaded was found on SongManager
This message has been deprecated and will be removed in a later version of Unity.
Add a delegate to SceneManager.sceneLoaded instead to get notifications after scene loading has completed
Native extension for WindowsStandalone target not found
Native extension for WebGL target not found
Refreshing native plugins compatible for Editor in 0.89 ms, found 2 plugins.
Preloading 0 native plugins for Editor in 0.00 ms.
Mono: successfully reloaded assembly
- Completed reload, in  1.853 seconds
Domain Reload Profiling:
	ReloadAssembly (1854ms)
		BeginReloadAssembly (210ms)
			ExecutionOrderSort (0ms)
			DisableScriptedObjects (9ms)
			BackupInstance (0ms)
			ReleaseScriptingObjects (0ms)
			CreateAndSetChildDomain (73ms)
		EndReloadAssembly (1536ms)
			LoadAssemblies (158ms)
			RebuildTransferFunctionScriptingTraits (0ms)
			SetupTypeCache (600ms)
			ReleaseScriptCaches (2ms)
			RebuildScriptCaches (81ms)
			SetupLoadedEditorAssemblies (542ms)
				LogAssemblyErrors (0ms)
				InitializePlatformSupportModulesInManaged (8ms)
				SetLoadedEditorAssemblies (1ms)
				RefreshPlugins (1ms)
				BeforeProcessingInitializeOnLoad (190ms)
				ProcessInitializeOnLoadAttributes (328ms)
				ProcessInitializeOnLoadMethodAttributes (11ms)
				AfterProcessingInitializeOnLoad (3ms)
				EditorAssembliesLoaded (0ms)
			ExecutionOrderSort2 (0ms)
			AwakeInstancesAfterBackupRestoration (14ms)
Platform modules already initialized, skipping
Refreshing native plugins compatible for Editor in 0.79 ms, found 2 plugins.
Preloading 0 native plugins for Editor in 0.00 ms.
Unloading 3184 Unused Serialized files (Serialized files now loaded: 0)
System memory in use before: 214.6 MB.
System memory in use after: 214.8 MB.

Unloading 15 unused Assets to reduce memory usage. Loaded Objects now: 3803.
Total: 5.692500 ms (FindLiveObjects: 0.455500 ms CreateObjectMapping: 0.396100 ms MarkObjects: 4.809800 ms  DeleteObjects: 0.029300 ms)

AssetImportParameters requested are different than current active one (requested -> active):
  custom:framework-win-MediaFoundation: 216162199b28c13a410421893ffa2e32 -> 
  custom:video-decoder-ogg-theora: a1e56fd34408186e4bbccfd4996cb3dc -> 
  custom:container-muxer-webm: aa71ff27fc2769a1b78a27578f13a17b -> 
  custom:container-demuxer-webm: 4f35f7cbe854078d1ac9338744f61a02 -> 
  custom:container-demuxer-ogg: 62fdf1f143b41e24485cea50d1cbac27 -> 
  custom:video-encoder-webm-vp8: eb34c28f22e8b96e1ab97ce403110664 -> 
  custom:video-decoder-webm-vp8: 9c59270c3fd7afecdb556c50c9e8de78 -> 
  custom:audio-decoder-ogg-vorbis: bf7c407c2cedff20999df2af8eb42d56 -> 
  custom:audio-encoder-webm-vorbis: bf7c407c2cedff20999df2af8eb42d56 -> 
AssetImportWorkerClient::OnTransportError - code=2 error=End of file
